<?xml version="1.0" encoding="UTF-8"?>
<!-- Generated by org.testng.reporters.JUnitXMLReporter -->
<testsuite ignored="0" hostname="LAPTOP-IL8SBD7O" failures="1" tests="2" name="Test" time="19.228" errors="0" timestamp="2024-05-07T00:06:43 PDT">
  <testcase classname="practiceTest.SampleInvoiceTest" name="createInvoiceTest" time="0.035">
    <failure type="java.lang.AssertionError" message="expected [Login] but found [Administrator - Home - vtiger CRM 5 - Commercial Open Source CRM]">
      <![CDATA[java.lang.AssertionError: expected [Login] but found [Administrator - Home - vtiger CRM 5 - Commercial Open Source CRM]
at practiceTest.SampleInvoiceTest.createInvoiceTest(SampleInvoiceTest.java:14)
at java.base/java.util.ArrayList.forEach(ArrayList.java:1511)
... Removed 33 stack frames]]>
    </failure>
  </testcase> <!-- createInvoiceTest -->
  <testcase classname="practiceTest.SampleInvoiceTest" name="createInvoiceWithContactTest" time="0.002"/>
</testsuite> <!-- Test -->
